2025-08-05 13:28:55,203 - INFO - Inizio elaborazione Valutazione Prezzo case...
2025-08-05 13:28:55,203 - INFO - Eseguire il preprocessing e Fare il training del modello...
2025-08-05 13:28:55,203 - INFO - Caricamento dei dati di training e validation…
2025-08-05 13:29:07,725 - INFO - MAE train: 0.0397
2025-08-05 13:29:07,725 - INFO - MAE validation: 0.3618
2025-08-05 13:29:07,725 - INFO - Differenza MAE (overfitting check): 0.3221
2025-08-05 13:29:07,728 - INFO - Modello salvato in E:\Download-E\PROGETTO PYTHON PERSONALE\src\..\models\neural_network_model.pkl
2025-08-05 13:41:35,226 - INFO - Inizio elaborazione Valutazione Prezzo case...
2025-08-05 13:41:35,227 - INFO - Eseguire il preprocessing e Fare il training del modello...
2025-08-05 13:41:35,227 - INFO - Caricamento dei dati di training e validation…
2025-08-05 13:41:48,952 - INFO - MAE train: 0.0397
2025-08-05 13:41:48,952 - INFO - MAE validation: 0.3618
2025-08-05 13:41:48,952 - INFO - Differenza MAE (overfitting check): 0.3221
2025-08-05 13:41:48,954 - INFO - Modello salvato in E:\Download-E\PROGETTO PYTHON PERSONALE\src\..\models\neural_network_model.pkl
2025-08-05 13:41:50,828 - INFO - Inizio elaborazione Valutazione Prezzo case...
2025-08-05 13:41:50,828 - INFO - Eseguire il preprocessing e Fare il training del modello...
2025-08-05 13:41:50,828 - INFO - Caricamento dei dati di training e validation…
2025-08-05 13:42:04,041 - INFO - MAE train: 0.0397
2025-08-05 13:42:04,041 - INFO - MAE validation: 0.3618
2025-08-05 13:42:04,042 - INFO - Differenza MAE (overfitting check): 0.3221
2025-08-05 13:42:04,044 - INFO - Modello salvato in E:\Download-E\PROGETTO PYTHON PERSONALE\src\..\models\neural_network_model.pkl
2025-08-05 13:44:24,686 - INFO - Inizio elaborazione Valutazione Prezzo case...
2025-08-05 13:44:24,686 - INFO - Eseguire il preprocessing e Fare il training del modello...
2025-08-05 13:44:24,686 - INFO - Caricamento dei dati di training e validation…
2025-08-05 13:44:39,582 - INFO - MAE train: 0.0939
2025-08-05 13:44:39,582 - INFO - MAE validation: 0.3481
2025-08-05 13:44:39,582 - INFO - Differenza MAE (overfitting check): 0.2542
2025-08-05 13:44:39,584 - INFO - Modello salvato in E:\Download-E\PROGETTO PYTHON PERSONALE\src\..\models\neural_network_model.pkl
2025-08-05 13:46:10,045 - INFO - Inizio elaborazione Valutazione Prezzo case...
2025-08-05 13:46:10,045 - INFO - Eseguire il preprocessing e Fare il training del modello...
2025-08-05 13:46:10,045 - INFO - Caricamento dei dati di training e validation…
2025-08-05 13:46:24,144 - INFO - MAE train: 0.0973
2025-08-05 13:46:24,144 - INFO - MAE validation: 0.3439
2025-08-05 13:46:24,144 - INFO - Differenza MAE (overfitting check): 0.2466
2025-08-05 13:46:24,146 - INFO - Modello salvato in E:\Download-E\PROGETTO PYTHON PERSONALE\src\..\models\neural_network_model.pkl
2025-08-05 13:47:56,088 - INFO - Inizio elaborazione Valutazione Prezzo case...
2025-08-05 13:47:56,088 - INFO - Eseguire il preprocessing e Fare il training del modello...
2025-08-05 13:47:56,088 - INFO - Caricamento dei dati di training e validation…
2025-08-05 13:47:57,775 - INFO - MAE train: 0.2430
2025-08-05 13:47:57,775 - INFO - MAE validation: 0.2496
2025-08-05 13:47:57,775 - INFO - Differenza MAE (overfitting check): 0.0066
2025-08-05 13:47:57,776 - INFO - Modello salvato in E:\Download-E\PROGETTO PYTHON PERSONALE\src\..\models\neural_network_model.pkl
